\BOOKMARK [0][-]{chapter.1}{Introduction}{}% 1
\BOOKMARK [1][-]{section.1.1}{Background}{chapter.1}% 2
\BOOKMARK [1][-]{section.1.2}{Research Question}{chapter.1}% 3
\BOOKMARK [1][-]{section.1.3}{Economic Mechanism}{chapter.1}% 4
\BOOKMARK [0][-]{chapter.2}{Linear Model}{}% 5
\BOOKMARK [1][-]{section.2.1}{Model Overview}{chapter.2}% 6
\BOOKMARK [1][-]{section.2.2}{Primal Problem}{chapter.2}% 7
\BOOKMARK [1][-]{section.2.3}{Dual Problem}{chapter.2}% 8
\BOOKMARK [0][-]{chapter.3}{Data Sources}{}% 9
\BOOKMARK [1][-]{section.3.1}{Overview}{chapter.3}% 10
\BOOKMARK [1][-]{section.3.2}{Farms}{chapter.3}% 11
\BOOKMARK [1][-]{section.3.3}{Agricultural Dealers}{chapter.3}% 12
\BOOKMARK [1][-]{section.3.4}{Stores}{chapter.3}% 13
\BOOKMARK [1][-]{section.3.5}{Edge Costs}{chapter.3}% 14
\BOOKMARK [0][-]{chapter.4}{Results}{}% 15
\BOOKMARK [1][-]{section.4.1}{Overview}{chapter.4}% 16
\BOOKMARK [1][-]{section.4.2}{Visualizing Results}{chapter.4}% 17
\BOOKMARK [1][-]{section.4.3}{Comparing Crop Bands}{chapter.4}% 18
\BOOKMARK [1][-]{section.4.4}{Robustness of Solutions}{chapter.4}% 19
\BOOKMARK [0][-]{chapter.5}{Conclusion}{}% 20
\BOOKMARK [1][-]{section.5.1}{Discussion}{chapter.5}% 21
\BOOKMARK [1][-]{section.5.2}{Summary}{chapter.5}% 22
\BOOKMARK [0][-]{chapter.6}{Appendix}{}% 23
\BOOKMARK [1][-]{section.6.1}{Worked Out Optimal Transportation}{chapter.6}% 24
\BOOKMARK [1][-]{section.6.2}{Maps}{chapter.6}% 25
